<?xml version="1.0" encoding="UTF-8"?>
<!-- Generated by org.testng.reporters.JUnitXMLReporter -->
<testsuite hostname="DESKTOP-PV9U111" ignored="10" tests="0" failures="0" timestamp="09 Dec 2019 12:51:18 GMT" time="0.007" errors="0">
  <testcase name="splitString" time="0.0" classname="Gen.com.mpro.Excel.others.all_Simple_Feature">
    <ignored/>
  </testcase> <!-- splitString -->
  <testcase name="dragAndDropByRobotClass" time="0.0" classname="Gen.com.mpro.Excel.others.all_Simple_Feature">
    <ignored/>
  </testcase> <!-- dragAndDropByRobotClass -->
  <testcase name="scroll" time="0.0" classname="Gen.com.mpro.Excel.others.all_Simple_Feature">
    <ignored/>
  </testcase> <!-- scroll -->
  <testcase name="newWindowPopup" time="0.0" classname="Gen.com.mpro.Excel.others.all_Simple_Feature">
    <ignored/>
  </testcase> <!-- newWindowPopup -->
  <testcase name="doubleClick" time="0.0" classname="Gen.com.mpro.Excel.others.all_Simple_Feature">
    <ignored/>
  </testcase> <!-- doubleClick -->
  <testcase name="checkBox" time="0.0" classname="Gen.com.mpro.Excel.others.all_Simple_Feature">
    <ignored/>
  </testcase> <!-- checkBox -->
  <testcase name="dragAndDrop" time="0.0" classname="Gen.com.mpro.Excel.others.all_Simple_Feature">
    <ignored/>
  </testcase> <!-- dragAndDrop -->
  <testcase name="rightClick" time="0.0" classname="Gen.com.mpro.Excel.others.all_Simple_Feature">
    <ignored/>
  </testcase> <!-- rightClick -->
  <testcase name="ProportyFile" time="0.0" classname="Gen.com.mpro.Excel.others.all_Simple_Feature">
    <ignored/>
  </testcase> <!-- ProportyFile -->
  <testcase name="dropDown" time="0.0" classname="Gen.com.mpro.Excel.others.all_Simple_Feature">
    <ignored/>
  </testcase> <!-- dropDown -->
</testsuite>
