<?xml version="1.0" encoding="UTF-8"?>
<!-- Generated by org.testng.reporters.JUnitXMLReporter -->
<testsuite hostname="DESKTOP-PV9U111" ignored="0" name="Test" tests="4" failures="0" timestamp="03 Feb 2020 15:26:06 GMT" time="0.078" errors="0">
  <testcase name="A2_m1" time="0.02" classname="Gen.com.mpro.TestngDemo.A2"/>
  <testcase name="A1_m1" time="0.02" classname="Gen.com.mpro.TestngDemo.A1"/>
  <testcase name="A1_m2" time="0.003" classname="Gen.com.mpro.TestngDemo.A1"/>
  <testcase name="A2_m2" time="0.004" classname="Gen.com.mpro.TestngDemo.A2"/>
</testsuite> <!-- Test -->
