<?xml version="1.0" encoding="UTF-8"?>
<!-- Generated by org.testng.reporters.JUnitXMLReporter -->
<testsuite hostname="DESKTOP-PV9U111" ignored="0" name="Xl_Para" tests="1" failures="0" timestamp="30 Apr 2019 10:13:24 GMT" time="0.197" errors="0">
  <testcase name="@BeforeMethod beforeMethod" time="0.152" classname="Gen.com.mpro.Excel.Xl_ByParametersTest">
    <failure type="java.lang.IllegalStateException" message="The path to the driver executable must be set by the webdriver.gecko.driver system property; for more information, see https://github.com/mozilla/geckodriver. The latest version can be downloaded from https://github.com/mozilla/geckodriver/releases">
      <![CDATA[java.lang.IllegalStateException: The path to the driver executable must be set by the webdriver.gecko.driver system property; for more information, see https://github.com/mozilla/geckodriver. The latest version can be downloaded from https://github.com/mozilla/geckodriver/releases
at com.google.common.base.Preconditions.checkState(Preconditions.java:847)
at org.openqa.selenium.remote.service.DriverService.findExecutable(DriverService.java:134)
at org.openqa.selenium.firefox.GeckoDriverService.access$100(GeckoDriverService.java:44)
at org.openqa.selenium.firefox.GeckoDriverService$Builder.findDefaultExecutable(GeckoDriverService.java:167)
at org.openqa.selenium.remote.service.DriverService$Builder.build(DriverService.java:355)
at org.openqa.selenium.firefox.FirefoxDriver.toExecutor(FirefoxDriver.java:190)
at org.openqa.selenium.firefox.FirefoxDriver.<init>(FirefoxDriver.java:147)
at org.openqa.selenium.firefox.FirefoxDriver.<init>(FirefoxDriver.java:125)
at Gen.com.mpro.TestBase.TestBase.selectBrowser(TestBase.java:55)
at Gen.com.mpro.Excel.Xl_ByParametersTest.beforeMethod(Xl_ByParametersTest.java:32)
... Removed 28 stack frames]]>
    </failure>
  </testcase> <!-- @BeforeMethod beforeMethod -->
  <testcase name="@AfterMethod Quit" time="0.0" classname="Gen.com.mpro.Excel.Xl_ByParametersTest">
    <skipped/>
  </testcase> <!-- @AfterMethod Quit -->
  <testcase name="Test_1" time="0.0" classname="Gen.com.mpro.Excel.Xl_ByParametersTest">
    <skipped/>
  </testcase> <!-- Test_1 -->
</testsuite> <!-- Xl_Para -->
